CRITICAL - 2022-01-24 13:01:13 --> Call to undefined method App\Controllers\Dashboard::createUser()
#0 C:\Bitnami\wappstack-7.4.11-0\apache2\htdocs\StockSystem\system\CodeIgniter.php(825): App\Controllers\Dashboard->registerUser()
#1 C:\Bitnami\wappstack-7.4.11-0\apache2\htdocs\StockSystem\system\CodeIgniter.php(412): CodeIgniter\CodeIgniter->runController()
#2 C:\Bitnami\wappstack-7.4.11-0\apache2\htdocs\StockSystem\system\CodeIgniter.php(320): CodeIgniter\CodeIgniter->handleRequest()
#3 C:\Bitnami\wappstack-7.4.11-0\apache2\htdocs\StockSystem\public\index.php(37): CodeIgniter\CodeIgniter->run()
#4 {main}
CRITICAL - 2022-01-24 13:05:17 --> Call to undefined method App\Controllers\Dashboard::createUser()
#0 C:\Bitnami\wappstack-7.4.11-0\apache2\htdocs\StockSystem\system\CodeIgniter.php(825): App\Controllers\Dashboard->registerUser()
#1 C:\Bitnami\wappstack-7.4.11-0\apache2\htdocs\StockSystem\system\CodeIgniter.php(412): CodeIgniter\CodeIgniter->runController()
#2 C:\Bitnami\wappstack-7.4.11-0\apache2\htdocs\StockSystem\system\CodeIgniter.php(320): CodeIgniter\CodeIgniter->handleRequest()
#3 C:\Bitnami\wappstack-7.4.11-0\apache2\htdocs\StockSystem\public\index.php(37): CodeIgniter\CodeIgniter->run()
#4 {main}
CRITICAL - 2022-01-24 13:05:59 --> Call to undefined method App\Controllers\Dashboard::createUser()
#0 C:\Bitnami\wappstack-7.4.11-0\apache2\htdocs\StockSystem\system\CodeIgniter.php(825): App\Controllers\Dashboard->registerUser()
#1 C:\Bitnami\wappstack-7.4.11-0\apache2\htdocs\StockSystem\system\CodeIgniter.php(412): CodeIgniter\CodeIgniter->runController()
#2 C:\Bitnami\wappstack-7.4.11-0\apache2\htdocs\StockSystem\system\CodeIgniter.php(320): CodeIgniter\CodeIgniter->handleRequest()
#3 C:\Bitnami\wappstack-7.4.11-0\apache2\htdocs\StockSystem\public\index.php(37): CodeIgniter\CodeIgniter->run()
#4 {main}
CRITICAL - 2022-01-24 13:06:12 --> Call to undefined method App\Controllers\Dashboard::createUser()
#0 C:\Bitnami\wappstack-7.4.11-0\apache2\htdocs\StockSystem\system\CodeIgniter.php(825): App\Controllers\Dashboard->registerUser()
#1 C:\Bitnami\wappstack-7.4.11-0\apache2\htdocs\StockSystem\system\CodeIgniter.php(412): CodeIgniter\CodeIgniter->runController()
#2 C:\Bitnami\wappstack-7.4.11-0\apache2\htdocs\StockSystem\system\CodeIgniter.php(320): CodeIgniter\CodeIgniter->handleRequest()
#3 C:\Bitnami\wappstack-7.4.11-0\apache2\htdocs\StockSystem\public\index.php(37): CodeIgniter\CodeIgniter->run()
#4 {main}
CRITICAL - 2022-01-24 13:06:48 --> Call to undefined method App\Controllers\Dashboard::createUser()
#0 C:\Bitnami\wappstack-7.4.11-0\apache2\htdocs\StockSystem\system\CodeIgniter.php(825): App\Controllers\Dashboard->registerUser()
#1 C:\Bitnami\wappstack-7.4.11-0\apache2\htdocs\StockSystem\system\CodeIgniter.php(412): CodeIgniter\CodeIgniter->runController()
#2 C:\Bitnami\wappstack-7.4.11-0\apache2\htdocs\StockSystem\system\CodeIgniter.php(320): CodeIgniter\CodeIgniter->handleRequest()
#3 C:\Bitnami\wappstack-7.4.11-0\apache2\htdocs\StockSystem\public\index.php(37): CodeIgniter\CodeIgniter->run()
#4 {main}
CRITICAL - 2022-01-24 13:07:06 --> Call to undefined method App\Controllers\Dashboard::createUser()
#0 C:\Bitnami\wappstack-7.4.11-0\apache2\htdocs\StockSystem\system\CodeIgniter.php(825): App\Controllers\Dashboard->registerUser()
#1 C:\Bitnami\wappstack-7.4.11-0\apache2\htdocs\StockSystem\system\CodeIgniter.php(412): CodeIgniter\CodeIgniter->runController()
#2 C:\Bitnami\wappstack-7.4.11-0\apache2\htdocs\StockSystem\system\CodeIgniter.php(320): CodeIgniter\CodeIgniter->handleRequest()
#3 C:\Bitnami\wappstack-7.4.11-0\apache2\htdocs\StockSystem\public\index.php(37): CodeIgniter\CodeIgniter->run()
#4 {main}
CRITICAL - 2022-01-24 13:07:19 --> Call to undefined method App\Controllers\Dashboard::createUser()
#0 C:\Bitnami\wappstack-7.4.11-0\apache2\htdocs\StockSystem\system\CodeIgniter.php(825): App\Controllers\Dashboard->registerUser()
#1 C:\Bitnami\wappstack-7.4.11-0\apache2\htdocs\StockSystem\system\CodeIgniter.php(412): CodeIgniter\CodeIgniter->runController()
#2 C:\Bitnami\wappstack-7.4.11-0\apache2\htdocs\StockSystem\system\CodeIgniter.php(320): CodeIgniter\CodeIgniter->handleRequest()
#3 C:\Bitnami\wappstack-7.4.11-0\apache2\htdocs\StockSystem\public\index.php(37): CodeIgniter\CodeIgniter->run()
#4 {main}
CRITICAL - 2022-01-24 13:07:23 --> Call to undefined method App\Controllers\Dashboard::createUser()
#0 C:\Bitnami\wappstack-7.4.11-0\apache2\htdocs\StockSystem\system\CodeIgniter.php(825): App\Controllers\Dashboard->registerUser()
#1 C:\Bitnami\wappstack-7.4.11-0\apache2\htdocs\StockSystem\system\CodeIgniter.php(412): CodeIgniter\CodeIgniter->runController()
#2 C:\Bitnami\wappstack-7.4.11-0\apache2\htdocs\StockSystem\system\CodeIgniter.php(320): CodeIgniter\CodeIgniter->handleRequest()
#3 C:\Bitnami\wappstack-7.4.11-0\apache2\htdocs\StockSystem\public\index.php(37): CodeIgniter\CodeIgniter->run()
#4 {main}
CRITICAL - 2022-01-24 13:07:26 --> Call to undefined method App\Controllers\Dashboard::createUser()
#0 C:\Bitnami\wappstack-7.4.11-0\apache2\htdocs\StockSystem\system\CodeIgniter.php(825): App\Controllers\Dashboard->registerUser()
#1 C:\Bitnami\wappstack-7.4.11-0\apache2\htdocs\StockSystem\system\CodeIgniter.php(412): CodeIgniter\CodeIgniter->runController()
#2 C:\Bitnami\wappstack-7.4.11-0\apache2\htdocs\StockSystem\system\CodeIgniter.php(320): CodeIgniter\CodeIgniter->handleRequest()
#3 C:\Bitnami\wappstack-7.4.11-0\apache2\htdocs\StockSystem\public\index.php(37): CodeIgniter\CodeIgniter->run()
#4 {main}
CRITICAL - 2022-01-24 13:07:53 --> Class 'App\Controllers\UserModel' not found
#0 C:\Bitnami\wappstack-7.4.11-0\apache2\htdocs\StockSystem\app\Controllers\Dashboard.php(30): App\Controllers\Dashboard->getUser()
#1 C:\Bitnami\wappstack-7.4.11-0\apache2\htdocs\StockSystem\app\Controllers\Dashboard.php(45): App\Controllers\Dashboard->validatePassword()
#2 C:\Bitnami\wappstack-7.4.11-0\apache2\htdocs\StockSystem\app\Controllers\Dashboard.php(86): App\Controllers\Dashboard->createUserSession()
#3 C:\Bitnami\wappstack-7.4.11-0\apache2\htdocs\StockSystem\system\CodeIgniter.php(825): App\Controllers\Dashboard->loginUser()
#4 C:\Bitnami\wappstack-7.4.11-0\apache2\htdocs\StockSystem\system\CodeIgniter.php(412): CodeIgniter\CodeIgniter->runController()
#5 C:\Bitnami\wappstack-7.4.11-0\apache2\htdocs\StockSystem\system\CodeIgniter.php(320): CodeIgniter\CodeIgniter->handleRequest()
#6 C:\Bitnami\wappstack-7.4.11-0\apache2\htdocs\StockSystem\public\index.php(37): CodeIgniter\CodeIgniter->run()
#7 {main}
CRITICAL - 2022-01-24 13:09:05 --> Class 'App\Controllers\UserModel' not found
#0 C:\Bitnami\wappstack-7.4.11-0\apache2\htdocs\StockSystem\app\Controllers\Dashboard.php(30): App\Controllers\Dashboard->getUser()
#1 C:\Bitnami\wappstack-7.4.11-0\apache2\htdocs\StockSystem\app\Controllers\Dashboard.php(45): App\Controllers\Dashboard->validatePassword()
#2 C:\Bitnami\wappstack-7.4.11-0\apache2\htdocs\StockSystem\app\Controllers\Dashboard.php(86): App\Controllers\Dashboard->createUserSession()
#3 C:\Bitnami\wappstack-7.4.11-0\apache2\htdocs\StockSystem\system\CodeIgniter.php(825): App\Controllers\Dashboard->loginUser()
#4 C:\Bitnami\wappstack-7.4.11-0\apache2\htdocs\StockSystem\system\CodeIgniter.php(412): CodeIgniter\CodeIgniter->runController()
#5 C:\Bitnami\wappstack-7.4.11-0\apache2\htdocs\StockSystem\system\CodeIgniter.php(320): CodeIgniter\CodeIgniter->handleRequest()
#6 C:\Bitnami\wappstack-7.4.11-0\apache2\htdocs\StockSystem\public\index.php(37): CodeIgniter\CodeIgniter->run()
#7 {main}
CRITICAL - 2022-01-24 13:10:11 --> Call to undefined method App\Controllers\Dashboard::createUser()
#0 C:\Bitnami\wappstack-7.4.11-0\apache2\htdocs\StockSystem\system\CodeIgniter.php(825): App\Controllers\Dashboard->registerUser()
#1 C:\Bitnami\wappstack-7.4.11-0\apache2\htdocs\StockSystem\system\CodeIgniter.php(412): CodeIgniter\CodeIgniter->runController()
#2 C:\Bitnami\wappstack-7.4.11-0\apache2\htdocs\StockSystem\system\CodeIgniter.php(320): CodeIgniter\CodeIgniter->handleRequest()
#3 C:\Bitnami\wappstack-7.4.11-0\apache2\htdocs\StockSystem\public\index.php(37): CodeIgniter\CodeIgniter->run()
#4 {main}
CRITICAL - 2022-01-24 13:15:17 --> Use of undefined constant MYSQLI_STORE_RESULT - assumed 'MYSQLI_STORE_RESULT' (this will throw an Error in a future version of PHP)
#0 C:\Bitnami\wappstack-7.4.11-0\apache2\htdocs\StockSystem\system\Database\Database.php(136): CodeIgniter\Debug\Exceptions->errorHandler()
#1 C:\Bitnami\wappstack-7.4.11-0\apache2\htdocs\StockSystem\system\Database\Database.php(56): CodeIgniter\Database\Database->initDriver()
#2 C:\Bitnami\wappstack-7.4.11-0\apache2\htdocs\StockSystem\system\Database\Config.php(78): CodeIgniter\Database\Database->load()
#3 C:\Bitnami\wappstack-7.4.11-0\apache2\htdocs\StockSystem\system\Model.php(97): CodeIgniter\Database\Config::connect()
#4 C:\Bitnami\wappstack-7.4.11-0\apache2\htdocs\StockSystem\app\Controllers\Dashboard.php(25): CodeIgniter\Model->__construct()
#5 C:\Bitnami\wappstack-7.4.11-0\apache2\htdocs\StockSystem\app\Controllers\Dashboard.php(155): App\Controllers\Dashboard->createUser()
#6 C:\Bitnami\wappstack-7.4.11-0\apache2\htdocs\StockSystem\system\CodeIgniter.php(825): App\Controllers\Dashboard->registerUser()
#7 C:\Bitnami\wappstack-7.4.11-0\apache2\htdocs\StockSystem\system\CodeIgniter.php(412): CodeIgniter\CodeIgniter->runController()
#8 C:\Bitnami\wappstack-7.4.11-0\apache2\htdocs\StockSystem\system\CodeIgniter.php(320): CodeIgniter\CodeIgniter->handleRequest()
#9 C:\Bitnami\wappstack-7.4.11-0\apache2\htdocs\StockSystem\public\index.php(37): CodeIgniter\CodeIgniter->run()
#10 {main}
CRITICAL - 2022-01-24 13:15:21 --> Use of undefined constant MYSQLI_STORE_RESULT - assumed 'MYSQLI_STORE_RESULT' (this will throw an Error in a future version of PHP)
#0 C:\Bitnami\wappstack-7.4.11-0\apache2\htdocs\StockSystem\system\Database\Database.php(136): CodeIgniter\Debug\Exceptions->errorHandler()
#1 C:\Bitnami\wappstack-7.4.11-0\apache2\htdocs\StockSystem\system\Database\Database.php(56): CodeIgniter\Database\Database->initDriver()
#2 C:\Bitnami\wappstack-7.4.11-0\apache2\htdocs\StockSystem\system\Database\Config.php(78): CodeIgniter\Database\Database->load()
#3 C:\Bitnami\wappstack-7.4.11-0\apache2\htdocs\StockSystem\system\Model.php(97): CodeIgniter\Database\Config::connect()
#4 C:\Bitnami\wappstack-7.4.11-0\apache2\htdocs\StockSystem\app\Controllers\Dashboard.php(25): CodeIgniter\Model->__construct()
#5 C:\Bitnami\wappstack-7.4.11-0\apache2\htdocs\StockSystem\app\Controllers\Dashboard.php(155): App\Controllers\Dashboard->createUser()
#6 C:\Bitnami\wappstack-7.4.11-0\apache2\htdocs\StockSystem\system\CodeIgniter.php(825): App\Controllers\Dashboard->registerUser()
#7 C:\Bitnami\wappstack-7.4.11-0\apache2\htdocs\StockSystem\system\CodeIgniter.php(412): CodeIgniter\CodeIgniter->runController()
#8 C:\Bitnami\wappstack-7.4.11-0\apache2\htdocs\StockSystem\system\CodeIgniter.php(320): CodeIgniter\CodeIgniter->handleRequest()
#9 C:\Bitnami\wappstack-7.4.11-0\apache2\htdocs\StockSystem\public\index.php(37): CodeIgniter\CodeIgniter->run()
#10 {main}
CRITICAL - 2022-01-24 13:16:25 --> Use of undefined constant MYSQLI_STORE_RESULT - assumed 'MYSQLI_STORE_RESULT' (this will throw an Error in a future version of PHP)
#0 C:\Bitnami\wappstack-7.4.11-0\apache2\htdocs\StockSystem\system\Database\Database.php(136): CodeIgniter\Debug\Exceptions->errorHandler()
#1 C:\Bitnami\wappstack-7.4.11-0\apache2\htdocs\StockSystem\system\Database\Database.php(56): CodeIgniter\Database\Database->initDriver()
#2 C:\Bitnami\wappstack-7.4.11-0\apache2\htdocs\StockSystem\system\Database\Config.php(78): CodeIgniter\Database\Database->load()
#3 C:\Bitnami\wappstack-7.4.11-0\apache2\htdocs\StockSystem\system\Model.php(97): CodeIgniter\Database\Config::connect()
#4 C:\Bitnami\wappstack-7.4.11-0\apache2\htdocs\StockSystem\app\Controllers\Dashboard.php(41): CodeIgniter\Model->__construct()
#5 C:\Bitnami\wappstack-7.4.11-0\apache2\htdocs\StockSystem\app\Controllers\Dashboard.php(49): App\Controllers\Dashboard->getUser()
#6 C:\Bitnami\wappstack-7.4.11-0\apache2\htdocs\StockSystem\app\Controllers\Dashboard.php(64): App\Controllers\Dashboard->validatePassword()
#7 C:\Bitnami\wappstack-7.4.11-0\apache2\htdocs\StockSystem\app\Controllers\Dashboard.php(105): App\Controllers\Dashboard->createUserSession()
#8 C:\Bitnami\wappstack-7.4.11-0\apache2\htdocs\StockSystem\system\CodeIgniter.php(825): App\Controllers\Dashboard->loginUser()
#9 C:\Bitnami\wappstack-7.4.11-0\apache2\htdocs\StockSystem\system\CodeIgniter.php(412): CodeIgniter\CodeIgniter->runController()
#10 C:\Bitnami\wappstack-7.4.11-0\apache2\htdocs\StockSystem\system\CodeIgniter.php(320): CodeIgniter\CodeIgniter->handleRequest()
#11 C:\Bitnami\wappstack-7.4.11-0\apache2\htdocs\StockSystem\public\index.php(37): CodeIgniter\CodeIgniter->run()
#12 {main}
CRITICAL - 2022-01-24 13:16:40 --> Use of undefined constant MYSQLI_STORE_RESULT - assumed 'MYSQLI_STORE_RESULT' (this will throw an Error in a future version of PHP)
#0 C:\Bitnami\wappstack-7.4.11-0\apache2\htdocs\StockSystem\system\Database\Database.php(136): CodeIgniter\Debug\Exceptions->errorHandler()
#1 C:\Bitnami\wappstack-7.4.11-0\apache2\htdocs\StockSystem\system\Database\Database.php(56): CodeIgniter\Database\Database->initDriver()
#2 C:\Bitnami\wappstack-7.4.11-0\apache2\htdocs\StockSystem\system\Database\Config.php(78): CodeIgniter\Database\Database->load()
#3 C:\Bitnami\wappstack-7.4.11-0\apache2\htdocs\StockSystem\system\Model.php(97): CodeIgniter\Database\Config::connect()
#4 C:\Bitnami\wappstack-7.4.11-0\apache2\htdocs\StockSystem\app\Controllers\Dashboard.php(25): CodeIgniter\Model->__construct()
#5 C:\Bitnami\wappstack-7.4.11-0\apache2\htdocs\StockSystem\app\Controllers\Dashboard.php(155): App\Controllers\Dashboard->createUser()
#6 C:\Bitnami\wappstack-7.4.11-0\apache2\htdocs\StockSystem\system\CodeIgniter.php(825): App\Controllers\Dashboard->registerUser()
#7 C:\Bitnami\wappstack-7.4.11-0\apache2\htdocs\StockSystem\system\CodeIgniter.php(412): CodeIgniter\CodeIgniter->runController()
#8 C:\Bitnami\wappstack-7.4.11-0\apache2\htdocs\StockSystem\system\CodeIgniter.php(320): CodeIgniter\CodeIgniter->handleRequest()
#9 C:\Bitnami\wappstack-7.4.11-0\apache2\htdocs\StockSystem\public\index.php(37): CodeIgniter\CodeIgniter->run()
#10 {main}
CRITICAL - 2022-01-24 13:16:51 --> Use of undefined constant MYSQLI_STORE_RESULT - assumed 'MYSQLI_STORE_RESULT' (this will throw an Error in a future version of PHP)
#0 C:\Bitnami\wappstack-7.4.11-0\apache2\htdocs\StockSystem\system\Database\Database.php(136): CodeIgniter\Debug\Exceptions->errorHandler()
#1 C:\Bitnami\wappstack-7.4.11-0\apache2\htdocs\StockSystem\system\Database\Database.php(56): CodeIgniter\Database\Database->initDriver()
#2 C:\Bitnami\wappstack-7.4.11-0\apache2\htdocs\StockSystem\system\Database\Config.php(78): CodeIgniter\Database\Database->load()
#3 C:\Bitnami\wappstack-7.4.11-0\apache2\htdocs\StockSystem\system\Model.php(97): CodeIgniter\Database\Config::connect()
#4 C:\Bitnami\wappstack-7.4.11-0\apache2\htdocs\StockSystem\app\Controllers\Dashboard.php(25): CodeIgniter\Model->__construct()
#5 C:\Bitnami\wappstack-7.4.11-0\apache2\htdocs\StockSystem\app\Controllers\Dashboard.php(155): App\Controllers\Dashboard->createUser()
#6 C:\Bitnami\wappstack-7.4.11-0\apache2\htdocs\StockSystem\system\CodeIgniter.php(825): App\Controllers\Dashboard->registerUser()
#7 C:\Bitnami\wappstack-7.4.11-0\apache2\htdocs\StockSystem\system\CodeIgniter.php(412): CodeIgniter\CodeIgniter->runController()
#8 C:\Bitnami\wappstack-7.4.11-0\apache2\htdocs\StockSystem\system\CodeIgniter.php(320): CodeIgniter\CodeIgniter->handleRequest()
#9 C:\Bitnami\wappstack-7.4.11-0\apache2\htdocs\StockSystem\public\index.php(37): CodeIgniter\CodeIgniter->run()
#10 {main}
CRITICAL - 2022-01-24 13:19:06 --> Use of undefined constant MYSQLI_STORE_RESULT - assumed 'MYSQLI_STORE_RESULT' (this will throw an Error in a future version of PHP)
#0 C:\Bitnami\wappstack-7.4.11-0\apache2\htdocs\StockSystem\system\Database\Database.php(136): CodeIgniter\Debug\Exceptions->errorHandler()
#1 C:\Bitnami\wappstack-7.4.11-0\apache2\htdocs\StockSystem\system\Database\Database.php(56): CodeIgniter\Database\Database->initDriver()
#2 C:\Bitnami\wappstack-7.4.11-0\apache2\htdocs\StockSystem\system\Database\Config.php(78): CodeIgniter\Database\Database->load()
#3 C:\Bitnami\wappstack-7.4.11-0\apache2\htdocs\StockSystem\system\Model.php(97): CodeIgniter\Database\Config::connect()
#4 C:\Bitnami\wappstack-7.4.11-0\apache2\htdocs\StockSystem\app\Controllers\Dashboard.php(25): CodeIgniter\Model->__construct()
#5 C:\Bitnami\wappstack-7.4.11-0\apache2\htdocs\StockSystem\app\Controllers\Dashboard.php(155): App\Controllers\Dashboard->createUser()
#6 C:\Bitnami\wappstack-7.4.11-0\apache2\htdocs\StockSystem\system\CodeIgniter.php(825): App\Controllers\Dashboard->registerUser()
#7 C:\Bitnami\wappstack-7.4.11-0\apache2\htdocs\StockSystem\system\CodeIgniter.php(412): CodeIgniter\CodeIgniter->runController()
#8 C:\Bitnami\wappstack-7.4.11-0\apache2\htdocs\StockSystem\system\CodeIgniter.php(320): CodeIgniter\CodeIgniter->handleRequest()
#9 C:\Bitnami\wappstack-7.4.11-0\apache2\htdocs\StockSystem\public\index.php(37): CodeIgniter\CodeIgniter->run()
#10 {main}
CRITICAL - 2022-01-24 13:25:21 --> Use of undefined constant MYSQLI_STORE_RESULT - assumed 'MYSQLI_STORE_RESULT' (this will throw an Error in a future version of PHP)
#0 C:\Bitnami\wappstack-7.4.11-0\apache2\htdocs\StockSystem\system\Database\Database.php(136): CodeIgniter\Debug\Exceptions->errorHandler()
#1 C:\Bitnami\wappstack-7.4.11-0\apache2\htdocs\StockSystem\system\Database\Database.php(56): CodeIgniter\Database\Database->initDriver()
#2 C:\Bitnami\wappstack-7.4.11-0\apache2\htdocs\StockSystem\system\Database\Config.php(78): CodeIgniter\Database\Database->load()
#3 C:\Bitnami\wappstack-7.4.11-0\apache2\htdocs\StockSystem\system\Model.php(97): CodeIgniter\Database\Config::connect()
#4 C:\Bitnami\wappstack-7.4.11-0\apache2\htdocs\StockSystem\app\Controllers\Dashboard.php(25): CodeIgniter\Model->__construct()
#5 C:\Bitnami\wappstack-7.4.11-0\apache2\htdocs\StockSystem\app\Controllers\Dashboard.php(155): App\Controllers\Dashboard->createUser()
#6 C:\Bitnami\wappstack-7.4.11-0\apache2\htdocs\StockSystem\system\CodeIgniter.php(825): App\Controllers\Dashboard->registerUser()
#7 C:\Bitnami\wappstack-7.4.11-0\apache2\htdocs\StockSystem\system\CodeIgniter.php(412): CodeIgniter\CodeIgniter->runController()
#8 C:\Bitnami\wappstack-7.4.11-0\apache2\htdocs\StockSystem\system\CodeIgniter.php(320): CodeIgniter\CodeIgniter->handleRequest()
#9 C:\Bitnami\wappstack-7.4.11-0\apache2\htdocs\StockSystem\public\index.php(37): CodeIgniter\CodeIgniter->run()
#10 {main}
CRITICAL - 2022-01-24 13:25:28 --> Use of undefined constant MYSQLI_STORE_RESULT - assumed 'MYSQLI_STORE_RESULT' (this will throw an Error in a future version of PHP)
#0 C:\Bitnami\wappstack-7.4.11-0\apache2\htdocs\StockSystem\system\Database\Database.php(136): CodeIgniter\Debug\Exceptions->errorHandler()
#1 C:\Bitnami\wappstack-7.4.11-0\apache2\htdocs\StockSystem\system\Database\Database.php(56): CodeIgniter\Database\Database->initDriver()
#2 C:\Bitnami\wappstack-7.4.11-0\apache2\htdocs\StockSystem\system\Database\Config.php(78): CodeIgniter\Database\Database->load()
#3 C:\Bitnami\wappstack-7.4.11-0\apache2\htdocs\StockSystem\system\Model.php(97): CodeIgniter\Database\Config::connect()
#4 C:\Bitnami\wappstack-7.4.11-0\apache2\htdocs\StockSystem\app\Controllers\Dashboard.php(25): CodeIgniter\Model->__construct()
#5 C:\Bitnami\wappstack-7.4.11-0\apache2\htdocs\StockSystem\app\Controllers\Dashboard.php(155): App\Controllers\Dashboard->createUser()
#6 C:\Bitnami\wappstack-7.4.11-0\apache2\htdocs\StockSystem\system\CodeIgniter.php(825): App\Controllers\Dashboard->registerUser()
#7 C:\Bitnami\wappstack-7.4.11-0\apache2\htdocs\StockSystem\system\CodeIgniter.php(412): CodeIgniter\CodeIgniter->runController()
#8 C:\Bitnami\wappstack-7.4.11-0\apache2\htdocs\StockSystem\system\CodeIgniter.php(320): CodeIgniter\CodeIgniter->handleRequest()
#9 C:\Bitnami\wappstack-7.4.11-0\apache2\htdocs\StockSystem\public\index.php(37): CodeIgniter\CodeIgniter->run()
#10 {main}
CRITICAL - 2022-01-24 13:26:12 --> Use of undefined constant MYSQLI_STORE_RESULT - assumed 'MYSQLI_STORE_RESULT' (this will throw an Error in a future version of PHP)
#0 C:\Bitnami\wappstack-7.4.11-0\apache2\htdocs\StockSystem\system\Database\Database.php(136): CodeIgniter\Debug\Exceptions->errorHandler()
#1 C:\Bitnami\wappstack-7.4.11-0\apache2\htdocs\StockSystem\system\Database\Database.php(56): CodeIgniter\Database\Database->initDriver()
#2 C:\Bitnami\wappstack-7.4.11-0\apache2\htdocs\StockSystem\system\Database\Config.php(78): CodeIgniter\Database\Database->load()
#3 C:\Bitnami\wappstack-7.4.11-0\apache2\htdocs\StockSystem\system\Model.php(97): CodeIgniter\Database\Config::connect()
#4 C:\Bitnami\wappstack-7.4.11-0\apache2\htdocs\StockSystem\app\Controllers\Dashboard.php(25): CodeIgniter\Model->__construct()
#5 C:\Bitnami\wappstack-7.4.11-0\apache2\htdocs\StockSystem\app\Controllers\Dashboard.php(155): App\Controllers\Dashboard->createUser()
#6 C:\Bitnami\wappstack-7.4.11-0\apache2\htdocs\StockSystem\system\CodeIgniter.php(825): App\Controllers\Dashboard->registerUser()
#7 C:\Bitnami\wappstack-7.4.11-0\apache2\htdocs\StockSystem\system\CodeIgniter.php(412): CodeIgniter\CodeIgniter->runController()
#8 C:\Bitnami\wappstack-7.4.11-0\apache2\htdocs\StockSystem\system\CodeIgniter.php(320): CodeIgniter\CodeIgniter->handleRequest()
#9 C:\Bitnami\wappstack-7.4.11-0\apache2\htdocs\StockSystem\public\index.php(37): CodeIgniter\CodeIgniter->run()
#10 {main}
CRITICAL - 2022-01-24 13:26:16 --> Use of undefined constant MYSQLI_STORE_RESULT - assumed 'MYSQLI_STORE_RESULT' (this will throw an Error in a future version of PHP)
#0 C:\Bitnami\wappstack-7.4.11-0\apache2\htdocs\StockSystem\system\Database\Database.php(136): CodeIgniter\Debug\Exceptions->errorHandler()
#1 C:\Bitnami\wappstack-7.4.11-0\apache2\htdocs\StockSystem\system\Database\Database.php(56): CodeIgniter\Database\Database->initDriver()
#2 C:\Bitnami\wappstack-7.4.11-0\apache2\htdocs\StockSystem\system\Database\Config.php(78): CodeIgniter\Database\Database->load()
#3 C:\Bitnami\wappstack-7.4.11-0\apache2\htdocs\StockSystem\system\Model.php(97): CodeIgniter\Database\Config::connect()
#4 C:\Bitnami\wappstack-7.4.11-0\apache2\htdocs\StockSystem\app\Controllers\Dashboard.php(25): CodeIgniter\Model->__construct()
#5 C:\Bitnami\wappstack-7.4.11-0\apache2\htdocs\StockSystem\app\Controllers\Dashboard.php(155): App\Controllers\Dashboard->createUser()
#6 C:\Bitnami\wappstack-7.4.11-0\apache2\htdocs\StockSystem\system\CodeIgniter.php(825): App\Controllers\Dashboard->registerUser()
#7 C:\Bitnami\wappstack-7.4.11-0\apache2\htdocs\StockSystem\system\CodeIgniter.php(412): CodeIgniter\CodeIgniter->runController()
#8 C:\Bitnami\wappstack-7.4.11-0\apache2\htdocs\StockSystem\system\CodeIgniter.php(320): CodeIgniter\CodeIgniter->handleRequest()
#9 C:\Bitnami\wappstack-7.4.11-0\apache2\htdocs\StockSystem\public\index.php(39): CodeIgniter\CodeIgniter->run()
#10 {main}
CRITICAL - 2022-01-24 13:27:16 --> Use of undefined constant MYSQLI_STORE_RESULT - assumed 'MYSQLI_STORE_RESULT' (this will throw an Error in a future version of PHP)
#0 C:\Bitnami\wappstack-7.4.11-0\apache2\htdocs\StockSystem\system\Database\Database.php(136): CodeIgniter\Debug\Exceptions->errorHandler()
#1 C:\Bitnami\wappstack-7.4.11-0\apache2\htdocs\StockSystem\system\Database\Database.php(56): CodeIgniter\Database\Database->initDriver()
#2 C:\Bitnami\wappstack-7.4.11-0\apache2\htdocs\StockSystem\system\Database\Config.php(78): CodeIgniter\Database\Database->load()
#3 C:\Bitnami\wappstack-7.4.11-0\apache2\htdocs\StockSystem\system\Model.php(97): CodeIgniter\Database\Config::connect()
#4 C:\Bitnami\wappstack-7.4.11-0\apache2\htdocs\StockSystem\app\Controllers\Dashboard.php(41): CodeIgniter\Model->__construct()
#5 C:\Bitnami\wappstack-7.4.11-0\apache2\htdocs\StockSystem\app\Controllers\Dashboard.php(49): App\Controllers\Dashboard->getUser()
#6 C:\Bitnami\wappstack-7.4.11-0\apache2\htdocs\StockSystem\app\Controllers\Dashboard.php(64): App\Controllers\Dashboard->validatePassword()
#7 C:\Bitnami\wappstack-7.4.11-0\apache2\htdocs\StockSystem\app\Controllers\Dashboard.php(105): App\Controllers\Dashboard->createUserSession()
#8 C:\Bitnami\wappstack-7.4.11-0\apache2\htdocs\StockSystem\system\CodeIgniter.php(825): App\Controllers\Dashboard->loginUser()
#9 C:\Bitnami\wappstack-7.4.11-0\apache2\htdocs\StockSystem\system\CodeIgniter.php(412): CodeIgniter\CodeIgniter->runController()
#10 C:\Bitnami\wappstack-7.4.11-0\apache2\htdocs\StockSystem\system\CodeIgniter.php(320): CodeIgniter\CodeIgniter->handleRequest()
#11 C:\Bitnami\wappstack-7.4.11-0\apache2\htdocs\StockSystem\public\index.php(39): CodeIgniter\CodeIgniter->run()
#12 {main}
CRITICAL - 2022-01-24 13:55:40 --> Class 'App\Models\ProductModel' not found
#0 C:\Bitnami\wappstack-7.4.11-0\apache2\htdocs\StockSystem\app\Controllers\Dashboard.php(184): App\Controllers\Dashboard->getProducts()
#1 C:\Bitnami\wappstack-7.4.11-0\apache2\htdocs\StockSystem\system\CodeIgniter.php(825): App\Controllers\Dashboard->main()
#2 C:\Bitnami\wappstack-7.4.11-0\apache2\htdocs\StockSystem\system\CodeIgniter.php(412): CodeIgniter\CodeIgniter->runController()
#3 C:\Bitnami\wappstack-7.4.11-0\apache2\htdocs\StockSystem\system\CodeIgniter.php(320): CodeIgniter\CodeIgniter->handleRequest()
#4 C:\Bitnami\wappstack-7.4.11-0\apache2\htdocs\StockSystem\public\index.php(37): CodeIgniter\CodeIgniter->run()
#5 {main}
CRITICAL - 2022-01-24 13:56:12 --> Class 'App\Models\ProductModel' not found
#0 C:\Bitnami\wappstack-7.4.11-0\apache2\htdocs\StockSystem\app\Controllers\Dashboard.php(184): App\Controllers\Dashboard->getProducts()
#1 C:\Bitnami\wappstack-7.4.11-0\apache2\htdocs\StockSystem\system\CodeIgniter.php(825): App\Controllers\Dashboard->main()
#2 C:\Bitnami\wappstack-7.4.11-0\apache2\htdocs\StockSystem\system\CodeIgniter.php(412): CodeIgniter\CodeIgniter->runController()
#3 C:\Bitnami\wappstack-7.4.11-0\apache2\htdocs\StockSystem\system\CodeIgniter.php(320): CodeIgniter\CodeIgniter->handleRequest()
#4 C:\Bitnami\wappstack-7.4.11-0\apache2\htdocs\StockSystem\public\index.php(37): CodeIgniter\CodeIgniter->run()
#5 {main}
CRITICAL - 2022-01-24 13:56:16 --> Class 'App\Models\ProductModel' not found
#0 C:\Bitnami\wappstack-7.4.11-0\apache2\htdocs\StockSystem\app\Controllers\Dashboard.php(184): App\Controllers\Dashboard->getProducts()
#1 C:\Bitnami\wappstack-7.4.11-0\apache2\htdocs\StockSystem\system\CodeIgniter.php(825): App\Controllers\Dashboard->main()
#2 C:\Bitnami\wappstack-7.4.11-0\apache2\htdocs\StockSystem\system\CodeIgniter.php(412): CodeIgniter\CodeIgniter->runController()
#3 C:\Bitnami\wappstack-7.4.11-0\apache2\htdocs\StockSystem\system\CodeIgniter.php(320): CodeIgniter\CodeIgniter->handleRequest()
#4 C:\Bitnami\wappstack-7.4.11-0\apache2\htdocs\StockSystem\public\index.php(37): CodeIgniter\CodeIgniter->run()
#5 {main}
CRITICAL - 2022-01-24 13:56:18 --> Class 'App\Models\ProductModel' not found
#0 C:\Bitnami\wappstack-7.4.11-0\apache2\htdocs\StockSystem\app\Controllers\Dashboard.php(184): App\Controllers\Dashboard->getProducts()
#1 C:\Bitnami\wappstack-7.4.11-0\apache2\htdocs\StockSystem\system\CodeIgniter.php(825): App\Controllers\Dashboard->main()
#2 C:\Bitnami\wappstack-7.4.11-0\apache2\htdocs\StockSystem\system\CodeIgniter.php(412): CodeIgniter\CodeIgniter->runController()
#3 C:\Bitnami\wappstack-7.4.11-0\apache2\htdocs\StockSystem\system\CodeIgniter.php(320): CodeIgniter\CodeIgniter->handleRequest()
#4 C:\Bitnami\wappstack-7.4.11-0\apache2\htdocs\StockSystem\public\index.php(37): CodeIgniter\CodeIgniter->run()
#5 {main}
CRITICAL - 2022-01-24 13:56:20 --> Class 'App\Models\ProductModel' not found
#0 C:\Bitnami\wappstack-7.4.11-0\apache2\htdocs\StockSystem\app\Controllers\Dashboard.php(184): App\Controllers\Dashboard->getProducts()
#1 C:\Bitnami\wappstack-7.4.11-0\apache2\htdocs\StockSystem\system\CodeIgniter.php(825): App\Controllers\Dashboard->main()
#2 C:\Bitnami\wappstack-7.4.11-0\apache2\htdocs\StockSystem\system\CodeIgniter.php(412): CodeIgniter\CodeIgniter->runController()
#3 C:\Bitnami\wappstack-7.4.11-0\apache2\htdocs\StockSystem\system\CodeIgniter.php(320): CodeIgniter\CodeIgniter->handleRequest()
#4 C:\Bitnami\wappstack-7.4.11-0\apache2\htdocs\StockSystem\public\index.php(37): CodeIgniter\CodeIgniter->run()
#5 {main}
CRITICAL - 2022-01-24 13:56:22 --> Class 'App\Models\ProductModel' not found
#0 C:\Bitnami\wappstack-7.4.11-0\apache2\htdocs\StockSystem\app\Controllers\Dashboard.php(184): App\Controllers\Dashboard->getProducts()
#1 C:\Bitnami\wappstack-7.4.11-0\apache2\htdocs\StockSystem\system\CodeIgniter.php(825): App\Controllers\Dashboard->main()
#2 C:\Bitnami\wappstack-7.4.11-0\apache2\htdocs\StockSystem\system\CodeIgniter.php(412): CodeIgniter\CodeIgniter->runController()
#3 C:\Bitnami\wappstack-7.4.11-0\apache2\htdocs\StockSystem\system\CodeIgniter.php(320): CodeIgniter\CodeIgniter->handleRequest()
#4 C:\Bitnami\wappstack-7.4.11-0\apache2\htdocs\StockSystem\public\index.php(37): CodeIgniter\CodeIgniter->run()
#5 {main}
CRITICAL - 2022-01-24 13:56:25 --> Class 'App\Models\ProductModel' not found
#0 C:\Bitnami\wappstack-7.4.11-0\apache2\htdocs\StockSystem\app\Controllers\Dashboard.php(184): App\Controllers\Dashboard->getProducts()
#1 C:\Bitnami\wappstack-7.4.11-0\apache2\htdocs\StockSystem\system\CodeIgniter.php(825): App\Controllers\Dashboard->main()
#2 C:\Bitnami\wappstack-7.4.11-0\apache2\htdocs\StockSystem\system\CodeIgniter.php(412): CodeIgniter\CodeIgniter->runController()
#3 C:\Bitnami\wappstack-7.4.11-0\apache2\htdocs\StockSystem\system\CodeIgniter.php(320): CodeIgniter\CodeIgniter->handleRequest()
#4 C:\Bitnami\wappstack-7.4.11-0\apache2\htdocs\StockSystem\public\index.php(37): CodeIgniter\CodeIgniter->run()
#5 {main}
CRITICAL - 2022-01-24 13:56:27 --> Class 'App\Models\ProductModel' not found
#0 C:\Bitnami\wappstack-7.4.11-0\apache2\htdocs\StockSystem\app\Controllers\Dashboard.php(184): App\Controllers\Dashboard->getProducts()
#1 C:\Bitnami\wappstack-7.4.11-0\apache2\htdocs\StockSystem\system\CodeIgniter.php(825): App\Controllers\Dashboard->main()
#2 C:\Bitnami\wappstack-7.4.11-0\apache2\htdocs\StockSystem\system\CodeIgniter.php(412): CodeIgniter\CodeIgniter->runController()
#3 C:\Bitnami\wappstack-7.4.11-0\apache2\htdocs\StockSystem\system\CodeIgniter.php(320): CodeIgniter\CodeIgniter->handleRequest()
#4 C:\Bitnami\wappstack-7.4.11-0\apache2\htdocs\StockSystem\public\index.php(37): CodeIgniter\CodeIgniter->run()
#5 {main}
CRITICAL - 2022-01-24 13:56:29 --> Class 'App\Models\ProductModel' not found
#0 C:\Bitnami\wappstack-7.4.11-0\apache2\htdocs\StockSystem\app\Controllers\Dashboard.php(184): App\Controllers\Dashboard->getProducts()
#1 C:\Bitnami\wappstack-7.4.11-0\apache2\htdocs\StockSystem\system\CodeIgniter.php(825): App\Controllers\Dashboard->main()
#2 C:\Bitnami\wappstack-7.4.11-0\apache2\htdocs\StockSystem\system\CodeIgniter.php(412): CodeIgniter\CodeIgniter->runController()
#3 C:\Bitnami\wappstack-7.4.11-0\apache2\htdocs\StockSystem\system\CodeIgniter.php(320): CodeIgniter\CodeIgniter->handleRequest()
#4 C:\Bitnami\wappstack-7.4.11-0\apache2\htdocs\StockSystem\public\index.php(37): CodeIgniter\CodeIgniter->run()
#5 {main}
CRITICAL - 2022-01-24 13:56:30 --> Class 'App\Models\ProductModel' not found
#0 C:\Bitnami\wappstack-7.4.11-0\apache2\htdocs\StockSystem\app\Controllers\Dashboard.php(184): App\Controllers\Dashboard->getProducts()
#1 C:\Bitnami\wappstack-7.4.11-0\apache2\htdocs\StockSystem\system\CodeIgniter.php(825): App\Controllers\Dashboard->main()
#2 C:\Bitnami\wappstack-7.4.11-0\apache2\htdocs\StockSystem\system\CodeIgniter.php(412): CodeIgniter\CodeIgniter->runController()
#3 C:\Bitnami\wappstack-7.4.11-0\apache2\htdocs\StockSystem\system\CodeIgniter.php(320): CodeIgniter\CodeIgniter->handleRequest()
#4 C:\Bitnami\wappstack-7.4.11-0\apache2\htdocs\StockSystem\public\index.php(37): CodeIgniter\CodeIgniter->run()
#5 {main}
CRITICAL - 2022-01-24 13:56:32 --> Class 'App\Models\ProductModel' not found
#0 C:\Bitnami\wappstack-7.4.11-0\apache2\htdocs\StockSystem\app\Controllers\Dashboard.php(184): App\Controllers\Dashboard->getProducts()
#1 C:\Bitnami\wappstack-7.4.11-0\apache2\htdocs\StockSystem\system\CodeIgniter.php(825): App\Controllers\Dashboard->main()
#2 C:\Bitnami\wappstack-7.4.11-0\apache2\htdocs\StockSystem\system\CodeIgniter.php(412): CodeIgniter\CodeIgniter->runController()
#3 C:\Bitnami\wappstack-7.4.11-0\apache2\htdocs\StockSystem\system\CodeIgniter.php(320): CodeIgniter\CodeIgniter->handleRequest()
#4 C:\Bitnami\wappstack-7.4.11-0\apache2\htdocs\StockSystem\public\index.php(37): CodeIgniter\CodeIgniter->run()
#5 {main}
CRITICAL - 2022-01-24 13:56:35 --> Class 'App\Models\ProductModel' not found
#0 C:\Bitnami\wappstack-7.4.11-0\apache2\htdocs\StockSystem\app\Controllers\Dashboard.php(184): App\Controllers\Dashboard->getProducts()
#1 C:\Bitnami\wappstack-7.4.11-0\apache2\htdocs\StockSystem\system\CodeIgniter.php(825): App\Controllers\Dashboard->main()
#2 C:\Bitnami\wappstack-7.4.11-0\apache2\htdocs\StockSystem\system\CodeIgniter.php(412): CodeIgniter\CodeIgniter->runController()
#3 C:\Bitnami\wappstack-7.4.11-0\apache2\htdocs\StockSystem\system\CodeIgniter.php(320): CodeIgniter\CodeIgniter->handleRequest()
#4 C:\Bitnami\wappstack-7.4.11-0\apache2\htdocs\StockSystem\public\index.php(37): CodeIgniter\CodeIgniter->run()
#5 {main}
CRITICAL - 2022-01-24 13:56:37 --> Class 'App\Models\ProductModel' not found
#0 C:\Bitnami\wappstack-7.4.11-0\apache2\htdocs\StockSystem\app\Controllers\Dashboard.php(184): App\Controllers\Dashboard->getProducts()
#1 C:\Bitnami\wappstack-7.4.11-0\apache2\htdocs\StockSystem\system\CodeIgniter.php(825): App\Controllers\Dashboard->main()
#2 C:\Bitnami\wappstack-7.4.11-0\apache2\htdocs\StockSystem\system\CodeIgniter.php(412): CodeIgniter\CodeIgniter->runController()
#3 C:\Bitnami\wappstack-7.4.11-0\apache2\htdocs\StockSystem\system\CodeIgniter.php(320): CodeIgniter\CodeIgniter->handleRequest()
#4 C:\Bitnami\wappstack-7.4.11-0\apache2\htdocs\StockSystem\public\index.php(37): CodeIgniter\CodeIgniter->run()
#5 {main}
CRITICAL - 2022-01-24 13:56:40 --> Class 'App\Models\ProductModel' not found
#0 C:\Bitnami\wappstack-7.4.11-0\apache2\htdocs\StockSystem\app\Controllers\Dashboard.php(184): App\Controllers\Dashboard->getProducts()
#1 C:\Bitnami\wappstack-7.4.11-0\apache2\htdocs\StockSystem\system\CodeIgniter.php(825): App\Controllers\Dashboard->main()
#2 C:\Bitnami\wappstack-7.4.11-0\apache2\htdocs\StockSystem\system\CodeIgniter.php(412): CodeIgniter\CodeIgniter->runController()
#3 C:\Bitnami\wappstack-7.4.11-0\apache2\htdocs\StockSystem\system\CodeIgniter.php(320): CodeIgniter\CodeIgniter->handleRequest()
#4 C:\Bitnami\wappstack-7.4.11-0\apache2\htdocs\StockSystem\public\index.php(37): CodeIgniter\CodeIgniter->run()
#5 {main}
CRITICAL - 2022-01-24 14:26:41 --> Undefined index: idexam
#0 C:\Bitnami\wappstack-7.4.11-0\apache2\htdocs\StockSystem\app\Views\main.php(42): CodeIgniter\Debug\Exceptions->errorHandler()
#1 C:\Bitnami\wappstack-7.4.11-0\apache2\htdocs\StockSystem\system\View\View.php(210): include('C:\\Bitnami\\wapp...')
#2 C:\Bitnami\wappstack-7.4.11-0\apache2\htdocs\StockSystem\system\View\View.php(213): CodeIgniter\View\View->CodeIgniter\View\{closure}()
#3 C:\Bitnami\wappstack-7.4.11-0\apache2\htdocs\StockSystem\system\Common.php(1089): CodeIgniter\View\View->render()
#4 C:\Bitnami\wappstack-7.4.11-0\apache2\htdocs\StockSystem\app\Controllers\Dashboard.php(200): view()
#5 C:\Bitnami\wappstack-7.4.11-0\apache2\htdocs\StockSystem\app\Controllers\Dashboard.php(189): App\Controllers\Dashboard->loadViews()
#6 C:\Bitnami\wappstack-7.4.11-0\apache2\htdocs\StockSystem\system\CodeIgniter.php(825): App\Controllers\Dashboard->main()
#7 C:\Bitnami\wappstack-7.4.11-0\apache2\htdocs\StockSystem\system\CodeIgniter.php(412): CodeIgniter\CodeIgniter->runController()
#8 C:\Bitnami\wappstack-7.4.11-0\apache2\htdocs\StockSystem\system\CodeIgniter.php(320): CodeIgniter\CodeIgniter->handleRequest()
#9 C:\Bitnami\wappstack-7.4.11-0\apache2\htdocs\StockSystem\public\index.php(37): CodeIgniter\CodeIgniter->run()
#10 {main}
CRITICAL - 2022-01-24 14:27:12 --> Undefined index: idexam
#0 C:\Bitnami\wappstack-7.4.11-0\apache2\htdocs\StockSystem\app\Views\main.php(42): CodeIgniter\Debug\Exceptions->errorHandler()
#1 C:\Bitnami\wappstack-7.4.11-0\apache2\htdocs\StockSystem\system\View\View.php(210): include('C:\\Bitnami\\wapp...')
#2 C:\Bitnami\wappstack-7.4.11-0\apache2\htdocs\StockSystem\system\View\View.php(213): CodeIgniter\View\View->CodeIgniter\View\{closure}()
#3 C:\Bitnami\wappstack-7.4.11-0\apache2\htdocs\StockSystem\system\Common.php(1089): CodeIgniter\View\View->render()
#4 C:\Bitnami\wappstack-7.4.11-0\apache2\htdocs\StockSystem\app\Controllers\Dashboard.php(200): view()
#5 C:\Bitnami\wappstack-7.4.11-0\apache2\htdocs\StockSystem\app\Controllers\Dashboard.php(189): App\Controllers\Dashboard->loadViews()
#6 C:\Bitnami\wappstack-7.4.11-0\apache2\htdocs\StockSystem\system\CodeIgniter.php(825): App\Controllers\Dashboard->main()
#7 C:\Bitnami\wappstack-7.4.11-0\apache2\htdocs\StockSystem\system\CodeIgniter.php(412): CodeIgniter\CodeIgniter->runController()
#8 C:\Bitnami\wappstack-7.4.11-0\apache2\htdocs\StockSystem\system\CodeIgniter.php(320): CodeIgniter\CodeIgniter->handleRequest()
#9 C:\Bitnami\wappstack-7.4.11-0\apache2\htdocs\StockSystem\public\index.php(37): CodeIgniter\CodeIgniter->run()
#10 {main}
CRITICAL - 2022-01-24 14:27:14 --> Undefined index: idexam
#0 C:\Bitnami\wappstack-7.4.11-0\apache2\htdocs\StockSystem\app\Views\main.php(42): CodeIgniter\Debug\Exceptions->errorHandler()
#1 C:\Bitnami\wappstack-7.4.11-0\apache2\htdocs\StockSystem\system\View\View.php(210): include('C:\\Bitnami\\wapp...')
#2 C:\Bitnami\wappstack-7.4.11-0\apache2\htdocs\StockSystem\system\View\View.php(213): CodeIgniter\View\View->CodeIgniter\View\{closure}()
#3 C:\Bitnami\wappstack-7.4.11-0\apache2\htdocs\StockSystem\system\Common.php(1089): CodeIgniter\View\View->render()
#4 C:\Bitnami\wappstack-7.4.11-0\apache2\htdocs\StockSystem\app\Controllers\Dashboard.php(200): view()
#5 C:\Bitnami\wappstack-7.4.11-0\apache2\htdocs\StockSystem\app\Controllers\Dashboard.php(189): App\Controllers\Dashboard->loadViews()
#6 C:\Bitnami\wappstack-7.4.11-0\apache2\htdocs\StockSystem\system\CodeIgniter.php(825): App\Controllers\Dashboard->main()
#7 C:\Bitnami\wappstack-7.4.11-0\apache2\htdocs\StockSystem\system\CodeIgniter.php(412): CodeIgniter\CodeIgniter->runController()
#8 C:\Bitnami\wappstack-7.4.11-0\apache2\htdocs\StockSystem\system\CodeIgniter.php(320): CodeIgniter\CodeIgniter->handleRequest()
#9 C:\Bitnami\wappstack-7.4.11-0\apache2\htdocs\StockSystem\public\index.php(37): CodeIgniter\CodeIgniter->run()
#10 {main}
CRITICAL - 2022-01-24 14:27:15 --> Undefined index: idexam
#0 C:\Bitnami\wappstack-7.4.11-0\apache2\htdocs\StockSystem\app\Views\main.php(42): CodeIgniter\Debug\Exceptions->errorHandler()
#1 C:\Bitnami\wappstack-7.4.11-0\apache2\htdocs\StockSystem\system\View\View.php(210): include('C:\\Bitnami\\wapp...')
#2 C:\Bitnami\wappstack-7.4.11-0\apache2\htdocs\StockSystem\system\View\View.php(213): CodeIgniter\View\View->CodeIgniter\View\{closure}()
#3 C:\Bitnami\wappstack-7.4.11-0\apache2\htdocs\StockSystem\system\Common.php(1089): CodeIgniter\View\View->render()
#4 C:\Bitnami\wappstack-7.4.11-0\apache2\htdocs\StockSystem\app\Controllers\Dashboard.php(200): view()
#5 C:\Bitnami\wappstack-7.4.11-0\apache2\htdocs\StockSystem\app\Controllers\Dashboard.php(189): App\Controllers\Dashboard->loadViews()
#6 C:\Bitnami\wappstack-7.4.11-0\apache2\htdocs\StockSystem\system\CodeIgniter.php(825): App\Controllers\Dashboard->main()
#7 C:\Bitnami\wappstack-7.4.11-0\apache2\htdocs\StockSystem\system\CodeIgniter.php(412): CodeIgniter\CodeIgniter->runController()
#8 C:\Bitnami\wappstack-7.4.11-0\apache2\htdocs\StockSystem\system\CodeIgniter.php(320): CodeIgniter\CodeIgniter->handleRequest()
#9 C:\Bitnami\wappstack-7.4.11-0\apache2\htdocs\StockSystem\public\index.php(37): CodeIgniter\CodeIgniter->run()
#10 {main}
CRITICAL - 2022-01-24 14:27:17 --> Undefined index: idexam
#0 C:\Bitnami\wappstack-7.4.11-0\apache2\htdocs\StockSystem\app\Views\main.php(42): CodeIgniter\Debug\Exceptions->errorHandler()
#1 C:\Bitnami\wappstack-7.4.11-0\apache2\htdocs\StockSystem\system\View\View.php(210): include('C:\\Bitnami\\wapp...')
#2 C:\Bitnami\wappstack-7.4.11-0\apache2\htdocs\StockSystem\system\View\View.php(213): CodeIgniter\View\View->CodeIgniter\View\{closure}()
#3 C:\Bitnami\wappstack-7.4.11-0\apache2\htdocs\StockSystem\system\Common.php(1089): CodeIgniter\View\View->render()
#4 C:\Bitnami\wappstack-7.4.11-0\apache2\htdocs\StockSystem\app\Controllers\Dashboard.php(200): view()
#5 C:\Bitnami\wappstack-7.4.11-0\apache2\htdocs\StockSystem\app\Controllers\Dashboard.php(189): App\Controllers\Dashboard->loadViews()
#6 C:\Bitnami\wappstack-7.4.11-0\apache2\htdocs\StockSystem\system\CodeIgniter.php(825): App\Controllers\Dashboard->main()
#7 C:\Bitnami\wappstack-7.4.11-0\apache2\htdocs\StockSystem\system\CodeIgniter.php(412): CodeIgniter\CodeIgniter->runController()
#8 C:\Bitnami\wappstack-7.4.11-0\apache2\htdocs\StockSystem\system\CodeIgniter.php(320): CodeIgniter\CodeIgniter->handleRequest()
#9 C:\Bitnami\wappstack-7.4.11-0\apache2\htdocs\StockSystem\public\index.php(37): CodeIgniter\CodeIgniter->run()
#10 {main}
CRITICAL - 2022-01-24 14:27:19 --> Undefined index: idexam
#0 C:\Bitnami\wappstack-7.4.11-0\apache2\htdocs\StockSystem\app\Views\main.php(42): CodeIgniter\Debug\Exceptions->errorHandler()
#1 C:\Bitnami\wappstack-7.4.11-0\apache2\htdocs\StockSystem\system\View\View.php(210): include('C:\\Bitnami\\wapp...')
#2 C:\Bitnami\wappstack-7.4.11-0\apache2\htdocs\StockSystem\system\View\View.php(213): CodeIgniter\View\View->CodeIgniter\View\{closure}()
#3 C:\Bitnami\wappstack-7.4.11-0\apache2\htdocs\StockSystem\system\Common.php(1089): CodeIgniter\View\View->render()
#4 C:\Bitnami\wappstack-7.4.11-0\apache2\htdocs\StockSystem\app\Controllers\Dashboard.php(200): view()
#5 C:\Bitnami\wappstack-7.4.11-0\apache2\htdocs\StockSystem\app\Controllers\Dashboard.php(189): App\Controllers\Dashboard->loadViews()
#6 C:\Bitnami\wappstack-7.4.11-0\apache2\htdocs\StockSystem\system\CodeIgniter.php(825): App\Controllers\Dashboard->main()
#7 C:\Bitnami\wappstack-7.4.11-0\apache2\htdocs\StockSystem\system\CodeIgniter.php(412): CodeIgniter\CodeIgniter->runController()
#8 C:\Bitnami\wappstack-7.4.11-0\apache2\htdocs\StockSystem\system\CodeIgniter.php(320): CodeIgniter\CodeIgniter->handleRequest()
#9 C:\Bitnami\wappstack-7.4.11-0\apache2\htdocs\StockSystem\public\index.php(37): CodeIgniter\CodeIgniter->run()
#10 {main}
CRITICAL - 2022-01-24 14:27:20 --> Undefined index: idexam
#0 C:\Bitnami\wappstack-7.4.11-0\apache2\htdocs\StockSystem\app\Views\main.php(42): CodeIgniter\Debug\Exceptions->errorHandler()
#1 C:\Bitnami\wappstack-7.4.11-0\apache2\htdocs\StockSystem\system\View\View.php(210): include('C:\\Bitnami\\wapp...')
#2 C:\Bitnami\wappstack-7.4.11-0\apache2\htdocs\StockSystem\system\View\View.php(213): CodeIgniter\View\View->CodeIgniter\View\{closure}()
#3 C:\Bitnami\wappstack-7.4.11-0\apache2\htdocs\StockSystem\system\Common.php(1089): CodeIgniter\View\View->render()
#4 C:\Bitnami\wappstack-7.4.11-0\apache2\htdocs\StockSystem\app\Controllers\Dashboard.php(200): view()
#5 C:\Bitnami\wappstack-7.4.11-0\apache2\htdocs\StockSystem\app\Controllers\Dashboard.php(189): App\Controllers\Dashboard->loadViews()
#6 C:\Bitnami\wappstack-7.4.11-0\apache2\htdocs\StockSystem\system\CodeIgniter.php(825): App\Controllers\Dashboard->main()
#7 C:\Bitnami\wappstack-7.4.11-0\apache2\htdocs\StockSystem\system\CodeIgniter.php(412): CodeIgniter\CodeIgniter->runController()
#8 C:\Bitnami\wappstack-7.4.11-0\apache2\htdocs\StockSystem\system\CodeIgniter.php(320): CodeIgniter\CodeIgniter->handleRequest()
#9 C:\Bitnami\wappstack-7.4.11-0\apache2\htdocs\StockSystem\public\index.php(37): CodeIgniter\CodeIgniter->run()
#10 {main}
CRITICAL - 2022-01-24 14:27:22 --> Undefined index: idexam
#0 C:\Bitnami\wappstack-7.4.11-0\apache2\htdocs\StockSystem\app\Views\main.php(42): CodeIgniter\Debug\Exceptions->errorHandler()
#1 C:\Bitnami\wappstack-7.4.11-0\apache2\htdocs\StockSystem\system\View\View.php(210): include('C:\\Bitnami\\wapp...')
#2 C:\Bitnami\wappstack-7.4.11-0\apache2\htdocs\StockSystem\system\View\View.php(213): CodeIgniter\View\View->CodeIgniter\View\{closure}()
#3 C:\Bitnami\wappstack-7.4.11-0\apache2\htdocs\StockSystem\system\Common.php(1089): CodeIgniter\View\View->render()
#4 C:\Bitnami\wappstack-7.4.11-0\apache2\htdocs\StockSystem\app\Controllers\Dashboard.php(200): view()
#5 C:\Bitnami\wappstack-7.4.11-0\apache2\htdocs\StockSystem\app\Controllers\Dashboard.php(189): App\Controllers\Dashboard->loadViews()
#6 C:\Bitnami\wappstack-7.4.11-0\apache2\htdocs\StockSystem\system\CodeIgniter.php(825): App\Controllers\Dashboard->main()
#7 C:\Bitnami\wappstack-7.4.11-0\apache2\htdocs\StockSystem\system\CodeIgniter.php(412): CodeIgniter\CodeIgniter->runController()
#8 C:\Bitnami\wappstack-7.4.11-0\apache2\htdocs\StockSystem\system\CodeIgniter.php(320): CodeIgniter\CodeIgniter->handleRequest()
#9 C:\Bitnami\wappstack-7.4.11-0\apache2\htdocs\StockSystem\public\index.php(37): CodeIgniter\CodeIgniter->run()
#10 {main}
CRITICAL - 2022-01-24 14:27:26 --> Undefined index: idexam
#0 C:\Bitnami\wappstack-7.4.11-0\apache2\htdocs\StockSystem\app\Views\main.php(42): CodeIgniter\Debug\Exceptions->errorHandler()
#1 C:\Bitnami\wappstack-7.4.11-0\apache2\htdocs\StockSystem\system\View\View.php(210): include('C:\\Bitnami\\wapp...')
#2 C:\Bitnami\wappstack-7.4.11-0\apache2\htdocs\StockSystem\system\View\View.php(213): CodeIgniter\View\View->CodeIgniter\View\{closure}()
#3 C:\Bitnami\wappstack-7.4.11-0\apache2\htdocs\StockSystem\system\Common.php(1089): CodeIgniter\View\View->render()
#4 C:\Bitnami\wappstack-7.4.11-0\apache2\htdocs\StockSystem\app\Controllers\Dashboard.php(200): view()
#5 C:\Bitnami\wappstack-7.4.11-0\apache2\htdocs\StockSystem\app\Controllers\Dashboard.php(189): App\Controllers\Dashboard->loadViews()
#6 C:\Bitnami\wappstack-7.4.11-0\apache2\htdocs\StockSystem\system\CodeIgniter.php(825): App\Controllers\Dashboard->main()
#7 C:\Bitnami\wappstack-7.4.11-0\apache2\htdocs\StockSystem\system\CodeIgniter.php(412): CodeIgniter\CodeIgniter->runController()
#8 C:\Bitnami\wappstack-7.4.11-0\apache2\htdocs\StockSystem\system\CodeIgniter.php(320): CodeIgniter\CodeIgniter->handleRequest()
#9 C:\Bitnami\wappstack-7.4.11-0\apache2\htdocs\StockSystem\public\index.php(37): CodeIgniter\CodeIgniter->run()
#10 {main}
CRITICAL - 2022-01-24 14:27:27 --> Undefined index: idexam
#0 C:\Bitnami\wappstack-7.4.11-0\apache2\htdocs\StockSystem\app\Views\main.php(42): CodeIgniter\Debug\Exceptions->errorHandler()
#1 C:\Bitnami\wappstack-7.4.11-0\apache2\htdocs\StockSystem\system\View\View.php(210): include('C:\\Bitnami\\wapp...')
#2 C:\Bitnami\wappstack-7.4.11-0\apache2\htdocs\StockSystem\system\View\View.php(213): CodeIgniter\View\View->CodeIgniter\View\{closure}()
#3 C:\Bitnami\wappstack-7.4.11-0\apache2\htdocs\StockSystem\system\Common.php(1089): CodeIgniter\View\View->render()
#4 C:\Bitnami\wappstack-7.4.11-0\apache2\htdocs\StockSystem\app\Controllers\Dashboard.php(200): view()
#5 C:\Bitnami\wappstack-7.4.11-0\apache2\htdocs\StockSystem\app\Controllers\Dashboard.php(189): App\Controllers\Dashboard->loadViews()
#6 C:\Bitnami\wappstack-7.4.11-0\apache2\htdocs\StockSystem\system\CodeIgniter.php(825): App\Controllers\Dashboard->main()
#7 C:\Bitnami\wappstack-7.4.11-0\apache2\htdocs\StockSystem\system\CodeIgniter.php(412): CodeIgniter\CodeIgniter->runController()
#8 C:\Bitnami\wappstack-7.4.11-0\apache2\htdocs\StockSystem\system\CodeIgniter.php(320): CodeIgniter\CodeIgniter->handleRequest()
#9 C:\Bitnami\wappstack-7.4.11-0\apache2\htdocs\StockSystem\public\index.php(37): CodeIgniter\CodeIgniter->run()
#10 {main}
CRITICAL - 2022-01-24 14:27:30 --> Undefined index: idexam
#0 C:\Bitnami\wappstack-7.4.11-0\apache2\htdocs\StockSystem\app\Views\main.php(42): CodeIgniter\Debug\Exceptions->errorHandler()
#1 C:\Bitnami\wappstack-7.4.11-0\apache2\htdocs\StockSystem\system\View\View.php(210): include('C:\\Bitnami\\wapp...')
#2 C:\Bitnami\wappstack-7.4.11-0\apache2\htdocs\StockSystem\system\View\View.php(213): CodeIgniter\View\View->CodeIgniter\View\{closure}()
#3 C:\Bitnami\wappstack-7.4.11-0\apache2\htdocs\StockSystem\system\Common.php(1089): CodeIgniter\View\View->render()
#4 C:\Bitnami\wappstack-7.4.11-0\apache2\htdocs\StockSystem\app\Controllers\Dashboard.php(200): view()
#5 C:\Bitnami\wappstack-7.4.11-0\apache2\htdocs\StockSystem\app\Controllers\Dashboard.php(189): App\Controllers\Dashboard->loadViews()
#6 C:\Bitnami\wappstack-7.4.11-0\apache2\htdocs\StockSystem\system\CodeIgniter.php(825): App\Controllers\Dashboard->main()
#7 C:\Bitnami\wappstack-7.4.11-0\apache2\htdocs\StockSystem\system\CodeIgniter.php(412): CodeIgniter\CodeIgniter->runController()
#8 C:\Bitnami\wappstack-7.4.11-0\apache2\htdocs\StockSystem\system\CodeIgniter.php(320): CodeIgniter\CodeIgniter->handleRequest()
#9 C:\Bitnami\wappstack-7.4.11-0\apache2\htdocs\StockSystem\public\index.php(37): CodeIgniter\CodeIgniter->run()
#10 {main}
CRITICAL - 2022-01-24 14:27:32 --> Undefined index: idexam
#0 C:\Bitnami\wappstack-7.4.11-0\apache2\htdocs\StockSystem\app\Views\main.php(42): CodeIgniter\Debug\Exceptions->errorHandler()
#1 C:\Bitnami\wappstack-7.4.11-0\apache2\htdocs\StockSystem\system\View\View.php(210): include('C:\\Bitnami\\wapp...')
#2 C:\Bitnami\wappstack-7.4.11-0\apache2\htdocs\StockSystem\system\View\View.php(213): CodeIgniter\View\View->CodeIgniter\View\{closure}()
#3 C:\Bitnami\wappstack-7.4.11-0\apache2\htdocs\StockSystem\system\Common.php(1089): CodeIgniter\View\View->render()
#4 C:\Bitnami\wappstack-7.4.11-0\apache2\htdocs\StockSystem\app\Controllers\Dashboard.php(200): view()
#5 C:\Bitnami\wappstack-7.4.11-0\apache2\htdocs\StockSystem\app\Controllers\Dashboard.php(189): App\Controllers\Dashboard->loadViews()
#6 C:\Bitnami\wappstack-7.4.11-0\apache2\htdocs\StockSystem\system\CodeIgniter.php(825): App\Controllers\Dashboard->main()
#7 C:\Bitnami\wappstack-7.4.11-0\apache2\htdocs\StockSystem\system\CodeIgniter.php(412): CodeIgniter\CodeIgniter->runController()
#8 C:\Bitnami\wappstack-7.4.11-0\apache2\htdocs\StockSystem\system\CodeIgniter.php(320): CodeIgniter\CodeIgniter->handleRequest()
#9 C:\Bitnami\wappstack-7.4.11-0\apache2\htdocs\StockSystem\public\index.php(37): CodeIgniter\CodeIgniter->run()
#10 {main}
CRITICAL - 2022-01-24 14:27:33 --> Undefined index: idexam
#0 C:\Bitnami\wappstack-7.4.11-0\apache2\htdocs\StockSystem\app\Views\main.php(42): CodeIgniter\Debug\Exceptions->errorHandler()
#1 C:\Bitnami\wappstack-7.4.11-0\apache2\htdocs\StockSystem\system\View\View.php(210): include('C:\\Bitnami\\wapp...')
#2 C:\Bitnami\wappstack-7.4.11-0\apache2\htdocs\StockSystem\system\View\View.php(213): CodeIgniter\View\View->CodeIgniter\View\{closure}()
#3 C:\Bitnami\wappstack-7.4.11-0\apache2\htdocs\StockSystem\system\Common.php(1089): CodeIgniter\View\View->render()
#4 C:\Bitnami\wappstack-7.4.11-0\apache2\htdocs\StockSystem\app\Controllers\Dashboard.php(200): view()
#5 C:\Bitnami\wappstack-7.4.11-0\apache2\htdocs\StockSystem\app\Controllers\Dashboard.php(189): App\Controllers\Dashboard->loadViews()
#6 C:\Bitnami\wappstack-7.4.11-0\apache2\htdocs\StockSystem\system\CodeIgniter.php(825): App\Controllers\Dashboard->main()
#7 C:\Bitnami\wappstack-7.4.11-0\apache2\htdocs\StockSystem\system\CodeIgniter.php(412): CodeIgniter\CodeIgniter->runController()
#8 C:\Bitnami\wappstack-7.4.11-0\apache2\htdocs\StockSystem\system\CodeIgniter.php(320): CodeIgniter\CodeIgniter->handleRequest()
#9 C:\Bitnami\wappstack-7.4.11-0\apache2\htdocs\StockSystem\public\index.php(37): CodeIgniter\CodeIgniter->run()
#10 {main}
CRITICAL - 2022-01-24 14:27:37 --> Undefined index: idexam
#0 C:\Bitnami\wappstack-7.4.11-0\apache2\htdocs\StockSystem\app\Views\main.php(42): CodeIgniter\Debug\Exceptions->errorHandler()
#1 C:\Bitnami\wappstack-7.4.11-0\apache2\htdocs\StockSystem\system\View\View.php(210): include('C:\\Bitnami\\wapp...')
#2 C:\Bitnami\wappstack-7.4.11-0\apache2\htdocs\StockSystem\system\View\View.php(213): CodeIgniter\View\View->CodeIgniter\View\{closure}()
#3 C:\Bitnami\wappstack-7.4.11-0\apache2\htdocs\StockSystem\system\Common.php(1089): CodeIgniter\View\View->render()
#4 C:\Bitnami\wappstack-7.4.11-0\apache2\htdocs\StockSystem\app\Controllers\Dashboard.php(200): view()
#5 C:\Bitnami\wappstack-7.4.11-0\apache2\htdocs\StockSystem\app\Controllers\Dashboard.php(189): App\Controllers\Dashboard->loadViews()
#6 C:\Bitnami\wappstack-7.4.11-0\apache2\htdocs\StockSystem\system\CodeIgniter.php(825): App\Controllers\Dashboard->main()
#7 C:\Bitnami\wappstack-7.4.11-0\apache2\htdocs\StockSystem\system\CodeIgniter.php(412): CodeIgniter\CodeIgniter->runController()
#8 C:\Bitnami\wappstack-7.4.11-0\apache2\htdocs\StockSystem\system\CodeIgniter.php(320): CodeIgniter\CodeIgniter->handleRequest()
#9 C:\Bitnami\wappstack-7.4.11-0\apache2\htdocs\StockSystem\public\index.php(37): CodeIgniter\CodeIgniter->run()
#10 {main}
CRITICAL - 2022-01-24 14:27:38 --> Undefined index: idexam
#0 C:\Bitnami\wappstack-7.4.11-0\apache2\htdocs\StockSystem\app\Views\main.php(42): CodeIgniter\Debug\Exceptions->errorHandler()
#1 C:\Bitnami\wappstack-7.4.11-0\apache2\htdocs\StockSystem\system\View\View.php(210): include('C:\\Bitnami\\wapp...')
#2 C:\Bitnami\wappstack-7.4.11-0\apache2\htdocs\StockSystem\system\View\View.php(213): CodeIgniter\View\View->CodeIgniter\View\{closure}()
#3 C:\Bitnami\wappstack-7.4.11-0\apache2\htdocs\StockSystem\system\Common.php(1089): CodeIgniter\View\View->render()
#4 C:\Bitnami\wappstack-7.4.11-0\apache2\htdocs\StockSystem\app\Controllers\Dashboard.php(200): view()
#5 C:\Bitnami\wappstack-7.4.11-0\apache2\htdocs\StockSystem\app\Controllers\Dashboard.php(189): App\Controllers\Dashboard->loadViews()
#6 C:\Bitnami\wappstack-7.4.11-0\apache2\htdocs\StockSystem\system\CodeIgniter.php(825): App\Controllers\Dashboard->main()
#7 C:\Bitnami\wappstack-7.4.11-0\apache2\htdocs\StockSystem\system\CodeIgniter.php(412): CodeIgniter\CodeIgniter->runController()
#8 C:\Bitnami\wappstack-7.4.11-0\apache2\htdocs\StockSystem\system\CodeIgniter.php(320): CodeIgniter\CodeIgniter->handleRequest()
#9 C:\Bitnami\wappstack-7.4.11-0\apache2\htdocs\StockSystem\public\index.php(37): CodeIgniter\CodeIgniter->run()
#10 {main}
CRITICAL - 2022-01-24 14:27:40 --> Undefined index: idexam
#0 C:\Bitnami\wappstack-7.4.11-0\apache2\htdocs\StockSystem\app\Views\main.php(42): CodeIgniter\Debug\Exceptions->errorHandler()
#1 C:\Bitnami\wappstack-7.4.11-0\apache2\htdocs\StockSystem\system\View\View.php(210): include('C:\\Bitnami\\wapp...')
#2 C:\Bitnami\wappstack-7.4.11-0\apache2\htdocs\StockSystem\system\View\View.php(213): CodeIgniter\View\View->CodeIgniter\View\{closure}()
#3 C:\Bitnami\wappstack-7.4.11-0\apache2\htdocs\StockSystem\system\Common.php(1089): CodeIgniter\View\View->render()
#4 C:\Bitnami\wappstack-7.4.11-0\apache2\htdocs\StockSystem\app\Controllers\Dashboard.php(200): view()
#5 C:\Bitnami\wappstack-7.4.11-0\apache2\htdocs\StockSystem\app\Controllers\Dashboard.php(189): App\Controllers\Dashboard->loadViews()
#6 C:\Bitnami\wappstack-7.4.11-0\apache2\htdocs\StockSystem\system\CodeIgniter.php(825): App\Controllers\Dashboard->main()
#7 C:\Bitnami\wappstack-7.4.11-0\apache2\htdocs\StockSystem\system\CodeIgniter.php(412): CodeIgniter\CodeIgniter->runController()
#8 C:\Bitnami\wappstack-7.4.11-0\apache2\htdocs\StockSystem\system\CodeIgniter.php(320): CodeIgniter\CodeIgniter->handleRequest()
#9 C:\Bitnami\wappstack-7.4.11-0\apache2\htdocs\StockSystem\public\index.php(37): CodeIgniter\CodeIgniter->run()
#10 {main}
CRITICAL - 2022-01-24 16:43:26 --> Undefined variable: questionModel
#0 C:\Bitnami\wappstack-7.4.11-0\apache2\htdocs\StockSystem\app\Controllers\Dashboard.php(222): CodeIgniter\Debug\Exceptions->errorHandler()
#1 C:\Bitnami\wappstack-7.4.11-0\apache2\htdocs\StockSystem\system\CodeIgniter.php(825): App\Controllers\Dashboard->editProduct()
#2 C:\Bitnami\wappstack-7.4.11-0\apache2\htdocs\StockSystem\system\CodeIgniter.php(412): CodeIgniter\CodeIgniter->runController()
#3 C:\Bitnami\wappstack-7.4.11-0\apache2\htdocs\StockSystem\system\CodeIgniter.php(320): CodeIgniter\CodeIgniter->handleRequest()
#4 C:\Bitnami\wappstack-7.4.11-0\apache2\htdocs\StockSystem\public\index.php(37): CodeIgniter\CodeIgniter->run()
#5 {main}
